[2020-01-14 18:01:39,505] SEVERE {b7a.log.crash} - fromIndex(2) > toIndex(1) 
java.lang.IllegalArgumentException: fromIndex(2) > toIndex(1)
	at java.util.ArrayList.subListRangeCheck(ArrayList.java:1014)
	at java.util.ArrayList.subList(ArrayList.java:1004)
	at org.ballerinalang.net.http.compiler.ResourceSignatureValidator.verifySignatureParamsWithAnnotatedParams(ResourceSignatureValidator.java:209)
	at org.ballerinalang.net.http.compiler.ResourceSignatureValidator.validateResourceAnnotation(ResourceSignatureValidator.java:109)
	at org.ballerinalang.net.http.compiler.HttpServiceCompilerPlugin.lambda$process$0(HttpServiceCompilerPlugin.java:87)
	at java.util.ArrayList.forEach(ArrayList.java:1257)
	at org.ballerinalang.net.http.compiler.HttpServiceCompilerPlugin.process(HttpServiceCompilerPlugin.java:85)
	at org.wso2.ballerinalang.compiler.semantics.analyzer.CompilerPluginRunner.lambda$visit$10(CompilerPluginRunner.java:184)
	at org.wso2.ballerinalang.compiler.semantics.analyzer.CompilerPluginRunner.invokeServiceProcessor(CompilerPluginRunner.java:365)
	at org.wso2.ballerinalang.compiler.semantics.analyzer.CompilerPluginRunner.notifyServiceTypeProcessors(CompilerPluginRunner.java:334)
	at org.wso2.ballerinalang.compiler.semantics.analyzer.CompilerPluginRunner.visit(CompilerPluginRunner.java:183)
	at org.wso2.ballerinalang.compiler.tree.BLangService.accept(BLangService.java:126)
	at org.wso2.ballerinalang.compiler.semantics.analyzer.CompilerPluginRunner.lambda$visit$2(CompilerPluginRunner.java:138)
	at java.util.ArrayList.forEach(ArrayList.java:1257)
	at org.wso2.ballerinalang.compiler.semantics.analyzer.CompilerPluginRunner.visit(CompilerPluginRunner.java:138)
	at org.wso2.ballerinalang.compiler.tree.BLangPackage.accept(BLangPackage.java:161)
	at org.wso2.ballerinalang.compiler.semantics.analyzer.CompilerPluginRunner.runPlugins(CompilerPluginRunner.java:126)
	at org.wso2.ballerinalang.compiler.CompilerDriver.annotationProcess(CompilerDriver.java:280)
	at org.wso2.ballerinalang.compiler.CompilerDriver.compile(CompilerDriver.java:242)
	at org.wso2.ballerinalang.compiler.CompilerDriver.compilePackageSymbol(CompilerDriver.java:209)
	at org.wso2.ballerinalang.compiler.CompilerDriver.compilePackage(CompilerDriver.java:127)
	at org.wso2.ballerinalang.compiler.Compiler.compilePackages(Compiler.java:166)
	at org.wso2.ballerinalang.compiler.Compiler.compilePackage(Compiler.java:173)
	at org.wso2.ballerinalang.compiler.Compiler.compile(Compiler.java:91)
	at org.wso2.ballerinalang.compiler.Compiler.build(Compiler.java:99)
	at org.ballerinalang.packerina.task.CompileTask.execute(CompileTask.java:60)
	at org.ballerinalang.packerina.TaskExecutor.executeTasks(TaskExecutor.java:38)
	at org.ballerinalang.packerina.cmd.BuildCommand.execute(BuildCommand.java:395)
	at java.util.Optional.ifPresent(Optional.java:159)
	at org.ballerinalang.tool.Main.main(Main.java:57)
 
[2020-01-14 18:02:35,342] SEVERE {b7a.log.crash} - fromIndex(2) > toIndex(1) 
java.lang.IllegalArgumentException: fromIndex(2) > toIndex(1)
	at java.util.ArrayList.subListRangeCheck(ArrayList.java:1014)
	at java.util.ArrayList.subList(ArrayList.java:1004)
	at org.ballerinalang.net.http.compiler.ResourceSignatureValidator.verifySignatureParamsWithAnnotatedParams(ResourceSignatureValidator.java:209)
	at org.ballerinalang.net.http.compiler.ResourceSignatureValidator.validateResourceAnnotation(ResourceSignatureValidator.java:109)
	at org.ballerinalang.net.http.compiler.HttpServiceCompilerPlugin.lambda$process$0(HttpServiceCompilerPlugin.java:87)
	at java.util.ArrayList.forEach(ArrayList.java:1257)
	at org.ballerinalang.net.http.compiler.HttpServiceCompilerPlugin.process(HttpServiceCompilerPlugin.java:85)
	at org.wso2.ballerinalang.compiler.semantics.analyzer.CompilerPluginRunner.lambda$visit$10(CompilerPluginRunner.java:184)
	at org.wso2.ballerinalang.compiler.semantics.analyzer.CompilerPluginRunner.invokeServiceProcessor(CompilerPluginRunner.java:365)
	at org.wso2.ballerinalang.compiler.semantics.analyzer.CompilerPluginRunner.notifyServiceTypeProcessors(CompilerPluginRunner.java:334)
	at org.wso2.ballerinalang.compiler.semantics.analyzer.CompilerPluginRunner.visit(CompilerPluginRunner.java:183)
	at org.wso2.ballerinalang.compiler.tree.BLangService.accept(BLangService.java:126)
	at org.wso2.ballerinalang.compiler.semantics.analyzer.CompilerPluginRunner.lambda$visit$2(CompilerPluginRunner.java:138)
	at java.util.ArrayList.forEach(ArrayList.java:1257)
	at org.wso2.ballerinalang.compiler.semantics.analyzer.CompilerPluginRunner.visit(CompilerPluginRunner.java:138)
	at org.wso2.ballerinalang.compiler.tree.BLangPackage.accept(BLangPackage.java:161)
	at org.wso2.ballerinalang.compiler.semantics.analyzer.CompilerPluginRunner.runPlugins(CompilerPluginRunner.java:126)
	at org.wso2.ballerinalang.compiler.CompilerDriver.annotationProcess(CompilerDriver.java:280)
	at org.wso2.ballerinalang.compiler.CompilerDriver.compile(CompilerDriver.java:242)
	at org.wso2.ballerinalang.compiler.CompilerDriver.compilePackageSymbol(CompilerDriver.java:209)
	at org.wso2.ballerinalang.compiler.CompilerDriver.compilePackage(CompilerDriver.java:127)
	at org.wso2.ballerinalang.compiler.Compiler.compilePackages(Compiler.java:166)
	at org.wso2.ballerinalang.compiler.Compiler.compilePackage(Compiler.java:173)
	at org.wso2.ballerinalang.compiler.Compiler.compile(Compiler.java:91)
	at org.wso2.ballerinalang.compiler.Compiler.build(Compiler.java:99)
	at org.ballerinalang.packerina.task.CompileTask.execute(CompileTask.java:60)
	at org.ballerinalang.packerina.TaskExecutor.executeTasks(TaskExecutor.java:38)
	at org.ballerinalang.packerina.cmd.BuildCommand.execute(BuildCommand.java:395)
	at java.util.Optional.ifPresent(Optional.java:159)
	at org.ballerinalang.tool.Main.main(Main.java:57)
 
[2020-01-14 18:09:02,502] SEVERE {b7a.log.crash} - fromIndex(2) > toIndex(1) 
java.lang.IllegalArgumentException: fromIndex(2) > toIndex(1)
	at java.util.ArrayList.subListRangeCheck(ArrayList.java:1014)
	at java.util.ArrayList.subList(ArrayList.java:1004)
	at org.ballerinalang.net.http.compiler.ResourceSignatureValidator.verifySignatureParamsWithAnnotatedParams(ResourceSignatureValidator.java:209)
	at org.ballerinalang.net.http.compiler.ResourceSignatureValidator.validateResourceAnnotation(ResourceSignatureValidator.java:109)
	at org.ballerinalang.net.http.compiler.HttpServiceCompilerPlugin.lambda$process$0(HttpServiceCompilerPlugin.java:87)
	at java.util.ArrayList.forEach(ArrayList.java:1257)
	at org.ballerinalang.net.http.compiler.HttpServiceCompilerPlugin.process(HttpServiceCompilerPlugin.java:85)
	at org.wso2.ballerinalang.compiler.semantics.analyzer.CompilerPluginRunner.lambda$visit$10(CompilerPluginRunner.java:184)
	at org.wso2.ballerinalang.compiler.semantics.analyzer.CompilerPluginRunner.invokeServiceProcessor(CompilerPluginRunner.java:365)
	at org.wso2.ballerinalang.compiler.semantics.analyzer.CompilerPluginRunner.notifyServiceTypeProcessors(CompilerPluginRunner.java:334)
	at org.wso2.ballerinalang.compiler.semantics.analyzer.CompilerPluginRunner.visit(CompilerPluginRunner.java:183)
	at org.wso2.ballerinalang.compiler.tree.BLangService.accept(BLangService.java:126)
	at org.wso2.ballerinalang.compiler.semantics.analyzer.CompilerPluginRunner.lambda$visit$2(CompilerPluginRunner.java:138)
	at java.util.ArrayList.forEach(ArrayList.java:1257)
	at org.wso2.ballerinalang.compiler.semantics.analyzer.CompilerPluginRunner.visit(CompilerPluginRunner.java:138)
	at org.wso2.ballerinalang.compiler.tree.BLangPackage.accept(BLangPackage.java:161)
	at org.wso2.ballerinalang.compiler.semantics.analyzer.CompilerPluginRunner.runPlugins(CompilerPluginRunner.java:126)
	at org.wso2.ballerinalang.compiler.CompilerDriver.annotationProcess(CompilerDriver.java:280)
	at org.wso2.ballerinalang.compiler.CompilerDriver.compile(CompilerDriver.java:242)
	at org.wso2.ballerinalang.compiler.CompilerDriver.compilePackageSymbol(CompilerDriver.java:209)
	at org.wso2.ballerinalang.compiler.CompilerDriver.compilePackage(CompilerDriver.java:127)
	at org.wso2.ballerinalang.compiler.Compiler.compilePackages(Compiler.java:166)
	at org.wso2.ballerinalang.compiler.Compiler.compilePackage(Compiler.java:173)
	at org.wso2.ballerinalang.compiler.Compiler.compile(Compiler.java:91)
	at org.wso2.ballerinalang.compiler.Compiler.build(Compiler.java:99)
	at org.ballerinalang.packerina.task.CompileTask.execute(CompileTask.java:60)
	at org.ballerinalang.packerina.TaskExecutor.executeTasks(TaskExecutor.java:38)
	at org.ballerinalang.packerina.cmd.BuildCommand.execute(BuildCommand.java:395)
	at java.util.Optional.ifPresent(Optional.java:159)
	at org.ballerinalang.tool.Main.main(Main.java:57)
 
[2020-01-14 18:09:54,058] SEVERE {b7a.log.crash} - fromIndex(2) > toIndex(1) 
java.lang.IllegalArgumentException: fromIndex(2) > toIndex(1)
	at java.util.ArrayList.subListRangeCheck(ArrayList.java:1014)
	at java.util.ArrayList.subList(ArrayList.java:1004)
	at org.ballerinalang.net.http.compiler.ResourceSignatureValidator.verifySignatureParamsWithAnnotatedParams(ResourceSignatureValidator.java:209)
	at org.ballerinalang.net.http.compiler.ResourceSignatureValidator.validateResourceAnnotation(ResourceSignatureValidator.java:109)
	at org.ballerinalang.net.http.compiler.HttpServiceCompilerPlugin.lambda$process$0(HttpServiceCompilerPlugin.java:87)
	at java.util.ArrayList.forEach(ArrayList.java:1257)
	at org.ballerinalang.net.http.compiler.HttpServiceCompilerPlugin.process(HttpServiceCompilerPlugin.java:85)
	at org.wso2.ballerinalang.compiler.semantics.analyzer.CompilerPluginRunner.lambda$visit$10(CompilerPluginRunner.java:184)
	at org.wso2.ballerinalang.compiler.semantics.analyzer.CompilerPluginRunner.invokeServiceProcessor(CompilerPluginRunner.java:365)
	at org.wso2.ballerinalang.compiler.semantics.analyzer.CompilerPluginRunner.notifyServiceTypeProcessors(CompilerPluginRunner.java:334)
	at org.wso2.ballerinalang.compiler.semantics.analyzer.CompilerPluginRunner.visit(CompilerPluginRunner.java:183)
	at org.wso2.ballerinalang.compiler.tree.BLangService.accept(BLangService.java:126)
	at org.wso2.ballerinalang.compiler.semantics.analyzer.CompilerPluginRunner.lambda$visit$2(CompilerPluginRunner.java:138)
	at java.util.ArrayList.forEach(ArrayList.java:1257)
	at org.wso2.ballerinalang.compiler.semantics.analyzer.CompilerPluginRunner.visit(CompilerPluginRunner.java:138)
	at org.wso2.ballerinalang.compiler.tree.BLangPackage.accept(BLangPackage.java:161)
	at org.wso2.ballerinalang.compiler.semantics.analyzer.CompilerPluginRunner.runPlugins(CompilerPluginRunner.java:126)
	at org.wso2.ballerinalang.compiler.CompilerDriver.annotationProcess(CompilerDriver.java:280)
	at org.wso2.ballerinalang.compiler.CompilerDriver.compile(CompilerDriver.java:242)
	at org.wso2.ballerinalang.compiler.CompilerDriver.compilePackageSymbol(CompilerDriver.java:209)
	at org.wso2.ballerinalang.compiler.CompilerDriver.compilePackage(CompilerDriver.java:127)
	at org.wso2.ballerinalang.compiler.Compiler.compilePackages(Compiler.java:166)
	at org.wso2.ballerinalang.compiler.Compiler.compilePackage(Compiler.java:173)
	at org.wso2.ballerinalang.compiler.Compiler.compile(Compiler.java:91)
	at org.wso2.ballerinalang.compiler.Compiler.build(Compiler.java:99)
	at org.ballerinalang.packerina.task.CompileTask.execute(CompileTask.java:60)
	at org.ballerinalang.packerina.TaskExecutor.executeTasks(TaskExecutor.java:38)
	at org.ballerinalang.packerina.cmd.BuildCommand.execute(BuildCommand.java:395)
	at java.util.Optional.ifPresent(Optional.java:159)
	at org.ballerinalang.tool.Main.main(Main.java:57)
 
[2020-01-14 18:11:29,268] SEVERE {b7a.log.crash} - fromIndex(2) > toIndex(1) 
java.lang.IllegalArgumentException: fromIndex(2) > toIndex(1)
	at java.util.ArrayList.subListRangeCheck(ArrayList.java:1014)
	at java.util.ArrayList.subList(ArrayList.java:1004)
	at org.ballerinalang.net.http.compiler.ResourceSignatureValidator.verifySignatureParamsWithAnnotatedParams(ResourceSignatureValidator.java:209)
	at org.ballerinalang.net.http.compiler.ResourceSignatureValidator.validateResourceAnnotation(ResourceSignatureValidator.java:109)
	at org.ballerinalang.net.http.compiler.HttpServiceCompilerPlugin.lambda$process$0(HttpServiceCompilerPlugin.java:87)
	at java.util.ArrayList.forEach(ArrayList.java:1257)
	at org.ballerinalang.net.http.compiler.HttpServiceCompilerPlugin.process(HttpServiceCompilerPlugin.java:85)
	at org.wso2.ballerinalang.compiler.semantics.analyzer.CompilerPluginRunner.lambda$visit$10(CompilerPluginRunner.java:184)
	at org.wso2.ballerinalang.compiler.semantics.analyzer.CompilerPluginRunner.invokeServiceProcessor(CompilerPluginRunner.java:365)
	at org.wso2.ballerinalang.compiler.semantics.analyzer.CompilerPluginRunner.notifyServiceTypeProcessors(CompilerPluginRunner.java:334)
	at org.wso2.ballerinalang.compiler.semantics.analyzer.CompilerPluginRunner.visit(CompilerPluginRunner.java:183)
	at org.wso2.ballerinalang.compiler.tree.BLangService.accept(BLangService.java:126)
	at org.wso2.ballerinalang.compiler.semantics.analyzer.CompilerPluginRunner.lambda$visit$2(CompilerPluginRunner.java:138)
	at java.util.ArrayList.forEach(ArrayList.java:1257)
	at org.wso2.ballerinalang.compiler.semantics.analyzer.CompilerPluginRunner.visit(CompilerPluginRunner.java:138)
	at org.wso2.ballerinalang.compiler.tree.BLangPackage.accept(BLangPackage.java:161)
	at org.wso2.ballerinalang.compiler.semantics.analyzer.CompilerPluginRunner.runPlugins(CompilerPluginRunner.java:126)
	at org.wso2.ballerinalang.compiler.CompilerDriver.annotationProcess(CompilerDriver.java:280)
	at org.wso2.ballerinalang.compiler.CompilerDriver.compile(CompilerDriver.java:242)
	at org.wso2.ballerinalang.compiler.CompilerDriver.compilePackageSymbol(CompilerDriver.java:209)
	at org.wso2.ballerinalang.compiler.CompilerDriver.compilePackage(CompilerDriver.java:127)
	at org.wso2.ballerinalang.compiler.Compiler.compilePackages(Compiler.java:166)
	at org.wso2.ballerinalang.compiler.Compiler.compilePackage(Compiler.java:173)
	at org.wso2.ballerinalang.compiler.Compiler.compile(Compiler.java:91)
	at org.wso2.ballerinalang.compiler.Compiler.build(Compiler.java:99)
	at org.ballerinalang.packerina.task.CompileTask.execute(CompileTask.java:60)
	at org.ballerinalang.packerina.TaskExecutor.executeTasks(TaskExecutor.java:38)
	at org.ballerinalang.packerina.cmd.BuildCommand.execute(BuildCommand.java:395)
	at java.util.Optional.ifPresent(Optional.java:159)
	at org.ballerinalang.tool.Main.main(Main.java:57)
 
[2020-01-14 18:13:34,102] SEVERE {b7a.log.crash} - fromIndex(2) > toIndex(1) 
java.lang.IllegalArgumentException: fromIndex(2) > toIndex(1)
	at java.util.ArrayList.subListRangeCheck(ArrayList.java:1014)
	at java.util.ArrayList.subList(ArrayList.java:1004)
	at org.ballerinalang.net.http.compiler.ResourceSignatureValidator.verifySignatureParamsWithAnnotatedParams(ResourceSignatureValidator.java:209)
	at org.ballerinalang.net.http.compiler.ResourceSignatureValidator.validateResourceAnnotation(ResourceSignatureValidator.java:109)
	at org.ballerinalang.net.http.compiler.HttpServiceCompilerPlugin.lambda$process$0(HttpServiceCompilerPlugin.java:87)
	at java.util.ArrayList.forEach(ArrayList.java:1257)
	at org.ballerinalang.net.http.compiler.HttpServiceCompilerPlugin.process(HttpServiceCompilerPlugin.java:85)
	at org.wso2.ballerinalang.compiler.semantics.analyzer.CompilerPluginRunner.lambda$visit$10(CompilerPluginRunner.java:184)
	at org.wso2.ballerinalang.compiler.semantics.analyzer.CompilerPluginRunner.invokeServiceProcessor(CompilerPluginRunner.java:365)
	at org.wso2.ballerinalang.compiler.semantics.analyzer.CompilerPluginRunner.notifyServiceTypeProcessors(CompilerPluginRunner.java:334)
	at org.wso2.ballerinalang.compiler.semantics.analyzer.CompilerPluginRunner.visit(CompilerPluginRunner.java:183)
	at org.wso2.ballerinalang.compiler.tree.BLangService.accept(BLangService.java:126)
	at org.wso2.ballerinalang.compiler.semantics.analyzer.CompilerPluginRunner.lambda$visit$2(CompilerPluginRunner.java:138)
	at java.util.ArrayList.forEach(ArrayList.java:1257)
	at org.wso2.ballerinalang.compiler.semantics.analyzer.CompilerPluginRunner.visit(CompilerPluginRunner.java:138)
	at org.wso2.ballerinalang.compiler.tree.BLangPackage.accept(BLangPackage.java:161)
	at org.wso2.ballerinalang.compiler.semantics.analyzer.CompilerPluginRunner.runPlugins(CompilerPluginRunner.java:126)
	at org.wso2.ballerinalang.compiler.CompilerDriver.annotationProcess(CompilerDriver.java:280)
	at org.wso2.ballerinalang.compiler.CompilerDriver.compile(CompilerDriver.java:242)
	at org.wso2.ballerinalang.compiler.CompilerDriver.compilePackageSymbol(CompilerDriver.java:209)
	at org.wso2.ballerinalang.compiler.CompilerDriver.compilePackage(CompilerDriver.java:127)
	at org.wso2.ballerinalang.compiler.Compiler.compilePackages(Compiler.java:166)
	at org.wso2.ballerinalang.compiler.Compiler.compilePackage(Compiler.java:173)
	at org.wso2.ballerinalang.compiler.Compiler.compile(Compiler.java:91)
	at org.wso2.ballerinalang.compiler.Compiler.build(Compiler.java:99)
	at org.ballerinalang.packerina.task.CompileTask.execute(CompileTask.java:60)
	at org.ballerinalang.packerina.TaskExecutor.executeTasks(TaskExecutor.java:38)
	at org.ballerinalang.packerina.cmd.BuildCommand.execute(BuildCommand.java:395)
	at java.util.Optional.ifPresent(Optional.java:159)
	at org.ballerinalang.tool.Main.main(Main.java:57)
 
[2020-01-14 18:16:06,230] SEVERE {b7a.log.crash} - fromIndex(2) > toIndex(1) 
java.lang.IllegalArgumentException: fromIndex(2) > toIndex(1)
	at java.util.ArrayList.subListRangeCheck(ArrayList.java:1014)
	at java.util.ArrayList.subList(ArrayList.java:1004)
	at org.ballerinalang.net.http.compiler.ResourceSignatureValidator.verifySignatureParamsWithAnnotatedParams(ResourceSignatureValidator.java:209)
	at org.ballerinalang.net.http.compiler.ResourceSignatureValidator.validateResourceAnnotation(ResourceSignatureValidator.java:109)
	at org.ballerinalang.net.http.compiler.HttpServiceCompilerPlugin.lambda$process$0(HttpServiceCompilerPlugin.java:87)
	at java.util.ArrayList.forEach(ArrayList.java:1257)
	at org.ballerinalang.net.http.compiler.HttpServiceCompilerPlugin.process(HttpServiceCompilerPlugin.java:85)
	at org.wso2.ballerinalang.compiler.semantics.analyzer.CompilerPluginRunner.lambda$visit$10(CompilerPluginRunner.java:184)
	at org.wso2.ballerinalang.compiler.semantics.analyzer.CompilerPluginRunner.invokeServiceProcessor(CompilerPluginRunner.java:365)
	at org.wso2.ballerinalang.compiler.semantics.analyzer.CompilerPluginRunner.notifyServiceTypeProcessors(CompilerPluginRunner.java:334)
	at org.wso2.ballerinalang.compiler.semantics.analyzer.CompilerPluginRunner.visit(CompilerPluginRunner.java:183)
	at org.wso2.ballerinalang.compiler.tree.BLangService.accept(BLangService.java:126)
	at org.wso2.ballerinalang.compiler.semantics.analyzer.CompilerPluginRunner.lambda$visit$2(CompilerPluginRunner.java:138)
	at java.util.ArrayList.forEach(ArrayList.java:1257)
	at org.wso2.ballerinalang.compiler.semantics.analyzer.CompilerPluginRunner.visit(CompilerPluginRunner.java:138)
	at org.wso2.ballerinalang.compiler.tree.BLangPackage.accept(BLangPackage.java:161)
	at org.wso2.ballerinalang.compiler.semantics.analyzer.CompilerPluginRunner.runPlugins(CompilerPluginRunner.java:126)
	at org.wso2.ballerinalang.compiler.CompilerDriver.annotationProcess(CompilerDriver.java:280)
	at org.wso2.ballerinalang.compiler.CompilerDriver.compile(CompilerDriver.java:242)
	at org.wso2.ballerinalang.compiler.CompilerDriver.compilePackageSymbol(CompilerDriver.java:209)
	at org.wso2.ballerinalang.compiler.CompilerDriver.compilePackage(CompilerDriver.java:127)
	at org.wso2.ballerinalang.compiler.Compiler.compilePackages(Compiler.java:166)
	at org.wso2.ballerinalang.compiler.Compiler.compilePackage(Compiler.java:173)
	at org.wso2.ballerinalang.compiler.Compiler.compile(Compiler.java:91)
	at org.wso2.ballerinalang.compiler.Compiler.build(Compiler.java:99)
	at org.ballerinalang.packerina.task.CompileTask.execute(CompileTask.java:60)
	at org.ballerinalang.packerina.TaskExecutor.executeTasks(TaskExecutor.java:38)
	at org.ballerinalang.packerina.cmd.BuildCommand.execute(BuildCommand.java:395)
	at java.util.Optional.ifPresent(Optional.java:159)
	at org.ballerinalang.tool.Main.main(Main.java:57)
 
[2020-01-15 09:02:31,857] SEVERE {b7a.log.crash} - fromIndex(2) > toIndex(1) 
java.lang.IllegalArgumentException: fromIndex(2) > toIndex(1)
	at java.util.ArrayList.subListRangeCheck(ArrayList.java:1014)
	at java.util.ArrayList.subList(ArrayList.java:1004)
	at org.ballerinalang.net.http.compiler.ResourceSignatureValidator.verifySignatureParamsWithAnnotatedParams(ResourceSignatureValidator.java:209)
	at org.ballerinalang.net.http.compiler.ResourceSignatureValidator.validateResourceAnnotation(ResourceSignatureValidator.java:109)
	at org.ballerinalang.net.http.compiler.HttpServiceCompilerPlugin.lambda$process$0(HttpServiceCompilerPlugin.java:87)
	at java.util.ArrayList.forEach(ArrayList.java:1257)
	at org.ballerinalang.net.http.compiler.HttpServiceCompilerPlugin.process(HttpServiceCompilerPlugin.java:85)
	at org.wso2.ballerinalang.compiler.semantics.analyzer.CompilerPluginRunner.lambda$visit$10(CompilerPluginRunner.java:184)
	at org.wso2.ballerinalang.compiler.semantics.analyzer.CompilerPluginRunner.invokeServiceProcessor(CompilerPluginRunner.java:365)
	at org.wso2.ballerinalang.compiler.semantics.analyzer.CompilerPluginRunner.notifyServiceTypeProcessors(CompilerPluginRunner.java:334)
	at org.wso2.ballerinalang.compiler.semantics.analyzer.CompilerPluginRunner.visit(CompilerPluginRunner.java:183)
	at org.wso2.ballerinalang.compiler.tree.BLangService.accept(BLangService.java:126)
	at org.wso2.ballerinalang.compiler.semantics.analyzer.CompilerPluginRunner.lambda$visit$2(CompilerPluginRunner.java:138)
	at java.util.ArrayList.forEach(ArrayList.java:1257)
	at org.wso2.ballerinalang.compiler.semantics.analyzer.CompilerPluginRunner.visit(CompilerPluginRunner.java:138)
	at org.wso2.ballerinalang.compiler.tree.BLangPackage.accept(BLangPackage.java:161)
	at org.wso2.ballerinalang.compiler.semantics.analyzer.CompilerPluginRunner.runPlugins(CompilerPluginRunner.java:126)
	at org.wso2.ballerinalang.compiler.CompilerDriver.annotationProcess(CompilerDriver.java:280)
	at org.wso2.ballerinalang.compiler.CompilerDriver.compile(CompilerDriver.java:242)
	at org.wso2.ballerinalang.compiler.CompilerDriver.compilePackageSymbol(CompilerDriver.java:209)
	at org.wso2.ballerinalang.compiler.CompilerDriver.compilePackage(CompilerDriver.java:127)
	at org.wso2.ballerinalang.compiler.Compiler.compilePackages(Compiler.java:166)
	at org.wso2.ballerinalang.compiler.Compiler.compilePackage(Compiler.java:173)
	at org.wso2.ballerinalang.compiler.Compiler.compile(Compiler.java:91)
	at org.wso2.ballerinalang.compiler.Compiler.build(Compiler.java:99)
	at org.ballerinalang.packerina.task.CompileTask.execute(CompileTask.java:60)
	at org.ballerinalang.packerina.TaskExecutor.executeTasks(TaskExecutor.java:38)
	at org.ballerinalang.packerina.cmd.BuildCommand.execute(BuildCommand.java:395)
	at java.util.Optional.ifPresent(Optional.java:159)
	at org.ballerinalang.tool.Main.main(Main.java:57)
 
[2020-01-15 09:57:53,026] SEVERE {b7a.log.crash} - javax/activation/MimeTypeParseException 
java.lang.NoClassDefFoundError: javax/activation/MimeTypeParseException
	at org.ballerinalang.mime.nativeimpl.MimeEntityBody.setXml(MimeEntityBody.java:215)
	at ballerina.mime.natives.externSetXml(natives.bal:468)
	at ballerina.mime.$value$Entity.setXml(natives.bal:279)
	at ballerina.mime.$value$Entity.call(natives.bal)
	at ballerina.http.$value$Request.setXmlPayload(http_request.bal:413)
	at ballerina.http.$value$Request.call(http_request.bal)
	at wso2.soap.C:.src.soap.soap_utils.fillSOAPEnvelope(/C:/src/soap/soap_utils.bal:251)
	at wso2.soap.C:.src.soap.soap_utils.sendReceive(/C:/src/soap/soap_utils.bal:328)
	at wso2.soap.$value$Soap11Client.sendReceive(/C:/src/soap/soap11_endpoint.bal:39)
	at wso2.soap.$value$Soap11Client.call(/C:/src/soap/soap11_endpoint.bal)
	at wso2.stockquote_service.main.main(main.bal:14)
	at wso2.stockquote_service.___init.$lambda$main$(stockquote_service)
	at org.ballerinalang.jvm.scheduling.SchedulerItem.execute(Scheduler.java:426)
	at org.ballerinalang.jvm.scheduling.Scheduler.run(Scheduler.java:218)
	at org.ballerinalang.jvm.scheduling.Scheduler.runSafely(Scheduler.java:191)
	at java.base/java.lang.Thread.run(Thread.java:834)
Caused by: java.lang.ClassNotFoundException: javax.activation.MimeTypeParseException
	at java.base/jdk.internal.loader.BuiltinClassLoader.loadClass(BuiltinClassLoader.java:581)
	at java.base/jdk.internal.loader.ClassLoaders$AppClassLoader.loadClass(ClassLoaders.java:178)
	at java.base/java.lang.ClassLoader.loadClass(ClassLoader.java:521)
	... 16 more
 
[2020-01-15 09:57:53,035] SEVERE {b7a.log.crash} - javax/activation/MimeTypeParseException 
java.lang.NoClassDefFoundError: javax/activation/MimeTypeParseException
	at org.ballerinalang.mime.nativeimpl.MimeEntityBody.setXml(MimeEntityBody.java:215)
	at ballerina.mime.natives.externSetXml(natives.bal:468)
	at ballerina.mime.$value$Entity.setXml(natives.bal:279)
	at ballerina.mime.$value$Entity.call(natives.bal)
	at ballerina.http.$value$Request.setXmlPayload(http_request.bal:413)
	at ballerina.http.$value$Request.call(http_request.bal)
	at wso2.soap.C:.src.soap.soap_utils.fillSOAPEnvelope(/C:/src/soap/soap_utils.bal:251)
	at wso2.soap.C:.src.soap.soap_utils.sendReceive(/C:/src/soap/soap_utils.bal:328)
	at wso2.soap.$value$Soap11Client.sendReceive(/C:/src/soap/soap11_endpoint.bal:39)
	at wso2.soap.$value$Soap11Client.call(/C:/src/soap/soap11_endpoint.bal)
	at wso2.stockquote_service.main.main(main.bal:14)
	at wso2.stockquote_service.___init.$lambda$main$(stockquote_service)
	at org.ballerinalang.jvm.scheduling.SchedulerItem.execute(Scheduler.java:426)
	at org.ballerinalang.jvm.scheduling.Scheduler.run(Scheduler.java:218)
	at org.ballerinalang.jvm.scheduling.Scheduler.runSafely(Scheduler.java:191)
	at java.base/java.lang.Thread.run(Thread.java:834)
Caused by: java.lang.ClassNotFoundException: javax.activation.MimeTypeParseException
	at java.base/jdk.internal.loader.BuiltinClassLoader.loadClass(BuiltinClassLoader.java:581)
	at java.base/jdk.internal.loader.ClassLoaders$AppClassLoader.loadClass(ClassLoaders.java:178)
	at java.base/java.lang.ClassLoader.loadClass(ClassLoader.java:521)
	... 16 more
 
[2020-01-15 09:59:05,974] SEVERE {b7a.log.crash} - javax/activation/MimeTypeParseException 
java.lang.NoClassDefFoundError: javax/activation/MimeTypeParseException
	at org.ballerinalang.mime.nativeimpl.MimeEntityBody.setXml(MimeEntityBody.java:215)
	at ballerina.mime.natives.externSetXml(natives.bal:468)
	at ballerina.mime.$value$Entity.setXml(natives.bal:279)
	at ballerina.mime.$value$Entity.call(natives.bal)
	at ballerina.http.$value$Request.setXmlPayload(http_request.bal:413)
	at ballerina.http.$value$Request.call(http_request.bal)
	at wso2.soap.C:.src.soap.soap_utils.fillSOAPEnvelope(/C:/src/soap/soap_utils.bal:251)
	at wso2.soap.C:.src.soap.soap_utils.sendReceive(/C:/src/soap/soap_utils.bal:328)
	at wso2.soap.$value$Soap11Client.sendReceive(/C:/src/soap/soap11_endpoint.bal:39)
	at wso2.soap.$value$Soap11Client.call(/C:/src/soap/soap11_endpoint.bal)
	at wso2.stockquote_service.main.main(main.bal:14)
	at wso2.stockquote_service.___init.$lambda$main$(stockquote_service)
	at org.ballerinalang.jvm.scheduling.SchedulerItem.execute(Scheduler.java:426)
	at org.ballerinalang.jvm.scheduling.Scheduler.run(Scheduler.java:218)
	at org.ballerinalang.jvm.scheduling.Scheduler.runSafely(Scheduler.java:191)
	at java.base/java.lang.Thread.run(Thread.java:834)
Caused by: java.lang.ClassNotFoundException: javax.activation.MimeTypeParseException
	at java.base/jdk.internal.loader.BuiltinClassLoader.loadClass(BuiltinClassLoader.java:581)
	at java.base/jdk.internal.loader.ClassLoaders$AppClassLoader.loadClass(ClassLoaders.java:178)
	at java.base/java.lang.ClassLoader.loadClass(ClassLoader.java:521)
	... 16 more
 
[2020-01-15 09:59:05,986] SEVERE {b7a.log.crash} - javax/activation/MimeTypeParseException 
java.lang.NoClassDefFoundError: javax/activation/MimeTypeParseException
	at org.ballerinalang.mime.nativeimpl.MimeEntityBody.setXml(MimeEntityBody.java:215)
	at ballerina.mime.natives.externSetXml(natives.bal:468)
	at ballerina.mime.$value$Entity.setXml(natives.bal:279)
	at ballerina.mime.$value$Entity.call(natives.bal)
	at ballerina.http.$value$Request.setXmlPayload(http_request.bal:413)
	at ballerina.http.$value$Request.call(http_request.bal)
	at wso2.soap.C:.src.soap.soap_utils.fillSOAPEnvelope(/C:/src/soap/soap_utils.bal:251)
	at wso2.soap.C:.src.soap.soap_utils.sendReceive(/C:/src/soap/soap_utils.bal:328)
	at wso2.soap.$value$Soap11Client.sendReceive(/C:/src/soap/soap11_endpoint.bal:39)
	at wso2.soap.$value$Soap11Client.call(/C:/src/soap/soap11_endpoint.bal)
	at wso2.stockquote_service.main.main(main.bal:14)
	at wso2.stockquote_service.___init.$lambda$main$(stockquote_service)
	at org.ballerinalang.jvm.scheduling.SchedulerItem.execute(Scheduler.java:426)
	at org.ballerinalang.jvm.scheduling.Scheduler.run(Scheduler.java:218)
	at org.ballerinalang.jvm.scheduling.Scheduler.runSafely(Scheduler.java:191)
	at java.base/java.lang.Thread.run(Thread.java:834)
Caused by: java.lang.ClassNotFoundException: javax.activation.MimeTypeParseException
	at java.base/jdk.internal.loader.BuiltinClassLoader.loadClass(BuiltinClassLoader.java:581)
	at java.base/jdk.internal.loader.ClassLoaders$AppClassLoader.loadClass(ClassLoaders.java:178)
	at java.base/java.lang.ClassLoader.loadClass(ClassLoader.java:521)
	... 16 more
 
[2020-01-15 10:21:38,547] SEVERE {b7a.log.crash} - javax/activation/MimeTypeParseException 
java.lang.NoClassDefFoundError: javax/activation/MimeTypeParseException
	at org.ballerinalang.mime.nativeimpl.MimeEntityBody.setXml(MimeEntityBody.java:215)
	at ballerina.mime.natives.externSetXml(natives.bal:468)
	at ballerina.mime.$value$Entity.setXml(natives.bal:279)
	at ballerina.mime.$value$Entity.call(natives.bal)
	at ballerina.http.$value$Request.setXmlPayload(http_request.bal:413)
	at ballerina.http.$value$Request.call(http_request.bal)
	at wso2.soap.C:.src.soap.soap_utils.fillSOAPEnvelope(/C:/src/soap/soap_utils.bal:251)
	at wso2.soap.C:.src.soap.soap_utils.sendReceive(/C:/src/soap/soap_utils.bal:328)
	at wso2.soap.$value$Soap11Client.sendReceive(/C:/src/soap/soap11_endpoint.bal:39)
	at wso2.soap.$value$Soap11Client.call(/C:/src/soap/soap11_endpoint.bal)
	at wso2.stockquote_service.main.main(main.bal:14)
	at wso2.stockquote_service.___init.$lambda$main$(stockquote_service)
	at org.ballerinalang.jvm.scheduling.SchedulerItem.execute(Scheduler.java:426)
	at org.ballerinalang.jvm.scheduling.Scheduler.run(Scheduler.java:218)
	at org.ballerinalang.jvm.scheduling.Scheduler.runSafely(Scheduler.java:191)
	at java.base/java.lang.Thread.run(Thread.java:834)
Caused by: java.lang.ClassNotFoundException: javax.activation.MimeTypeParseException
	at java.base/jdk.internal.loader.BuiltinClassLoader.loadClass(BuiltinClassLoader.java:581)
	at java.base/jdk.internal.loader.ClassLoaders$AppClassLoader.loadClass(ClassLoaders.java:178)
	at java.base/java.lang.ClassLoader.loadClass(ClassLoader.java:521)
	... 16 more
 
[2020-01-15 10:21:38,554] SEVERE {b7a.log.crash} - javax/activation/MimeTypeParseException 
java.lang.NoClassDefFoundError: javax/activation/MimeTypeParseException
	at org.ballerinalang.mime.nativeimpl.MimeEntityBody.setXml(MimeEntityBody.java:215)
	at ballerina.mime.natives.externSetXml(natives.bal:468)
	at ballerina.mime.$value$Entity.setXml(natives.bal:279)
	at ballerina.mime.$value$Entity.call(natives.bal)
	at ballerina.http.$value$Request.setXmlPayload(http_request.bal:413)
	at ballerina.http.$value$Request.call(http_request.bal)
	at wso2.soap.C:.src.soap.soap_utils.fillSOAPEnvelope(/C:/src/soap/soap_utils.bal:251)
	at wso2.soap.C:.src.soap.soap_utils.sendReceive(/C:/src/soap/soap_utils.bal:328)
	at wso2.soap.$value$Soap11Client.sendReceive(/C:/src/soap/soap11_endpoint.bal:39)
	at wso2.soap.$value$Soap11Client.call(/C:/src/soap/soap11_endpoint.bal)
	at wso2.stockquote_service.main.main(main.bal:14)
	at wso2.stockquote_service.___init.$lambda$main$(stockquote_service)
	at org.ballerinalang.jvm.scheduling.SchedulerItem.execute(Scheduler.java:426)
	at org.ballerinalang.jvm.scheduling.Scheduler.run(Scheduler.java:218)
	at org.ballerinalang.jvm.scheduling.Scheduler.runSafely(Scheduler.java:191)
	at java.base/java.lang.Thread.run(Thread.java:834)
Caused by: java.lang.ClassNotFoundException: javax.activation.MimeTypeParseException
	at java.base/jdk.internal.loader.BuiltinClassLoader.loadClass(BuiltinClassLoader.java:581)
	at java.base/jdk.internal.loader.ClassLoaders$AppClassLoader.loadClass(ClassLoaders.java:178)
	at java.base/java.lang.ClassLoader.loadClass(ClassLoader.java:521)
	... 16 more
 
[2020-01-15 10:52:53,329] SEVERE {b7a.log.crash} - javax/activation/MimeTypeParseException 
java.lang.NoClassDefFoundError: javax/activation/MimeTypeParseException
	at org.ballerinalang.mime.nativeimpl.MimeEntityBody.setXml(MimeEntityBody.java:215)
	at ballerina.mime.natives.externSetXml(natives.bal:468)
	at ballerina.mime.$value$Entity.setXml(natives.bal:279)
	at ballerina.mime.$value$Entity.call(natives.bal)
	at ballerina.http.$value$Request.setXmlPayload(http_request.bal:413)
	at ballerina.http.$value$Request.call(http_request.bal)
	at wso2.soap.C:.src.soap.soap_utils.fillSOAPEnvelope(/C:/src/soap/soap_utils.bal:251)
	at wso2.soap.C:.src.soap.soap_utils.sendReceive(/C:/src/soap/soap_utils.bal:328)
	at wso2.soap.$value$Soap11Client.sendReceive(/C:/src/soap/soap11_endpoint.bal:39)
	at wso2.soap.$value$Soap11Client.call(/C:/src/soap/soap11_endpoint.bal)
	at wso2.stockquote_service.main.main(main.bal:15)
	at wso2.stockquote_service.___init.$lambda$main$(stockquote_service)
	at org.ballerinalang.jvm.scheduling.SchedulerItem.execute(Scheduler.java:426)
	at org.ballerinalang.jvm.scheduling.Scheduler.run(Scheduler.java:218)
	at org.ballerinalang.jvm.scheduling.Scheduler.runSafely(Scheduler.java:191)
	at java.base/java.lang.Thread.run(Thread.java:834)
Caused by: java.lang.ClassNotFoundException: javax.activation.MimeTypeParseException
	at java.base/jdk.internal.loader.BuiltinClassLoader.loadClass(BuiltinClassLoader.java:581)
	at java.base/jdk.internal.loader.ClassLoaders$AppClassLoader.loadClass(ClassLoaders.java:178)
	at java.base/java.lang.ClassLoader.loadClass(ClassLoader.java:521)
	... 16 more
 
[2020-01-15 10:52:53,345] SEVERE {b7a.log.crash} - javax/activation/MimeTypeParseException 
java.lang.NoClassDefFoundError: javax/activation/MimeTypeParseException
	at org.ballerinalang.mime.nativeimpl.MimeEntityBody.setXml(MimeEntityBody.java:215)
	at ballerina.mime.natives.externSetXml(natives.bal:468)
	at ballerina.mime.$value$Entity.setXml(natives.bal:279)
	at ballerina.mime.$value$Entity.call(natives.bal)
	at ballerina.http.$value$Request.setXmlPayload(http_request.bal:413)
	at ballerina.http.$value$Request.call(http_request.bal)
	at wso2.soap.C:.src.soap.soap_utils.fillSOAPEnvelope(/C:/src/soap/soap_utils.bal:251)
	at wso2.soap.C:.src.soap.soap_utils.sendReceive(/C:/src/soap/soap_utils.bal:328)
	at wso2.soap.$value$Soap11Client.sendReceive(/C:/src/soap/soap11_endpoint.bal:39)
	at wso2.soap.$value$Soap11Client.call(/C:/src/soap/soap11_endpoint.bal)
	at wso2.stockquote_service.main.main(main.bal:15)
	at wso2.stockquote_service.___init.$lambda$main$(stockquote_service)
	at org.ballerinalang.jvm.scheduling.SchedulerItem.execute(Scheduler.java:426)
	at org.ballerinalang.jvm.scheduling.Scheduler.run(Scheduler.java:218)
	at org.ballerinalang.jvm.scheduling.Scheduler.runSafely(Scheduler.java:191)
	at java.base/java.lang.Thread.run(Thread.java:834)
Caused by: java.lang.ClassNotFoundException: javax.activation.MimeTypeParseException
	at java.base/jdk.internal.loader.BuiltinClassLoader.loadClass(BuiltinClassLoader.java:581)
	at java.base/jdk.internal.loader.ClassLoaders$AppClassLoader.loadClass(ClassLoaders.java:178)
	at java.base/java.lang.ClassLoader.loadClass(ClassLoader.java:521)
	... 16 more
 
[2020-01-15 13:14:33,797] SEVERE {b7a.log.crash} - javax/activation/MimeTypeParseException 
java.lang.NoClassDefFoundError: javax/activation/MimeTypeParseException
	at org.ballerinalang.mime.nativeimpl.MimeEntityBody.setXml(MimeEntityBody.java:215)
	at ballerina.mime.natives.externSetXml(natives.bal:468)
	at ballerina.mime.$value$Entity.setXml(natives.bal:279)
	at ballerina.mime.$value$Entity.call(natives.bal)
	at ballerina.http.$value$Request.setXmlPayload(http_request.bal:413)
	at ballerina.http.$value$Request.call(http_request.bal)
	at wso2.soap.C:.src.soap.soap_utils.fillSOAPEnvelope(/C:/src/soap/soap_utils.bal:251)
	at wso2.soap.C:.src.soap.soap_utils.sendReceive(/C:/src/soap/soap_utils.bal:328)
	at wso2.soap.$value$Soap11Client.sendReceive(/C:/src/soap/soap11_endpoint.bal:39)
	at wso2.soap.$value$Soap11Client.call(/C:/src/soap/soap11_endpoint.bal)
	at wso2.stockquote_service.main.main(main.bal:16)
	at wso2.stockquote_service.___init.$lambda$main$(stockquote_service)
	at org.ballerinalang.jvm.scheduling.SchedulerItem.execute(Scheduler.java:426)
	at org.ballerinalang.jvm.scheduling.Scheduler.run(Scheduler.java:218)
	at org.ballerinalang.jvm.scheduling.Scheduler.runSafely(Scheduler.java:191)
	at java.base/java.lang.Thread.run(Thread.java:834)
Caused by: java.lang.ClassNotFoundException: javax.activation.MimeTypeParseException
	at java.base/jdk.internal.loader.BuiltinClassLoader.loadClass(BuiltinClassLoader.java:581)
	at java.base/jdk.internal.loader.ClassLoaders$AppClassLoader.loadClass(ClassLoaders.java:178)
	at java.base/java.lang.ClassLoader.loadClass(ClassLoader.java:521)
	... 16 more
 
[2020-01-15 13:14:33,806] SEVERE {b7a.log.crash} - javax/activation/MimeTypeParseException 
java.lang.NoClassDefFoundError: javax/activation/MimeTypeParseException
	at org.ballerinalang.mime.nativeimpl.MimeEntityBody.setXml(MimeEntityBody.java:215)
	at ballerina.mime.natives.externSetXml(natives.bal:468)
	at ballerina.mime.$value$Entity.setXml(natives.bal:279)
	at ballerina.mime.$value$Entity.call(natives.bal)
	at ballerina.http.$value$Request.setXmlPayload(http_request.bal:413)
	at ballerina.http.$value$Request.call(http_request.bal)
	at wso2.soap.C:.src.soap.soap_utils.fillSOAPEnvelope(/C:/src/soap/soap_utils.bal:251)
	at wso2.soap.C:.src.soap.soap_utils.sendReceive(/C:/src/soap/soap_utils.bal:328)
	at wso2.soap.$value$Soap11Client.sendReceive(/C:/src/soap/soap11_endpoint.bal:39)
	at wso2.soap.$value$Soap11Client.call(/C:/src/soap/soap11_endpoint.bal)
	at wso2.stockquote_service.main.main(main.bal:16)
	at wso2.stockquote_service.___init.$lambda$main$(stockquote_service)
	at org.ballerinalang.jvm.scheduling.SchedulerItem.execute(Scheduler.java:426)
	at org.ballerinalang.jvm.scheduling.Scheduler.run(Scheduler.java:218)
	at org.ballerinalang.jvm.scheduling.Scheduler.runSafely(Scheduler.java:191)
	at java.base/java.lang.Thread.run(Thread.java:834)
Caused by: java.lang.ClassNotFoundException: javax.activation.MimeTypeParseException
	at java.base/jdk.internal.loader.BuiltinClassLoader.loadClass(BuiltinClassLoader.java:581)
	at java.base/jdk.internal.loader.ClassLoaders$AppClassLoader.loadClass(ClassLoaders.java:178)
	at java.base/java.lang.ClassLoader.loadClass(ClassLoader.java:521)
	... 16 more
 
